<?xml version="1.0" encoding="UTF-8"?>
<!-- Generated by org.testng.reporters.JUnitReportReporter -->
<testsuite hostname="DESKTOP-KU1P8RG" failures="0" tests="1" name="QSP.Swap" time="0.006" errors="0" timestamp="2024-08-14T14:28:22 IST" skipped="0">
  <testcase classname="QSP.Swap" name="demo1" time="0.006"/>
  <system-out/>
</testsuite> <!-- QSP.Swap -->
